build/intermediates/manifest_merge_blame_file/debug/manifest-merger-blame-debug-report.txt
1<?xml version="1.0" encoding="utf-8"?>
2<manifest xmlns:android="http://schemas.android.com/apk/res/android"
3    package="dev.fluttercommunity.plus.device_info" >
4
5    <uses-sdk
6        android:minSdkVersion="16"
6-->src\main\AndroidManifest.xml
7        android:targetSdkVersion="28" />
7-->[io.github.happylishang:antifake:1.5.0] AndroidManifest.xml:9:9-38
8
9    <uses-permission android:name="android.permission.ACCESS_WIFI_STATE" />
9-->[io.github.happylishang:antifake:1.5.0] AndroidManifest.xml:11:5-76
9-->[io.github.happylishang:antifake:1.5.0] AndroidManifest.xml:11:22-73
10    <uses-permission android:name="android.permission.CHANGE_WIFI_STATE" />
10-->[io.github.happylishang:antifake:1.5.0] AndroidManifest.xml:12:5-76
10-->[io.github.happylishang:antifake:1.5.0] AndroidManifest.xml:12:22-73
11    <uses-permission android:name="android.permission.INTERNET" />
11-->[io.github.happylishang:antifake:1.5.0] AndroidManifest.xml:13:5-67
11-->[io.github.happylishang:antifake:1.5.0] AndroidManifest.xml:13:22-64
12    <uses-permission android:name="android.permission.READ_PHONE_STATE" />
12-->[io.github.happylishang:antifake:1.5.0] AndroidManifest.xml:14:5-75
12-->[io.github.happylishang:antifake:1.5.0] AndroidManifest.xml:14:22-72
13    <uses-permission android:name="android.permission.CALL_PHONE" />
13-->[io.github.happylishang:antifake:1.5.0] AndroidManifest.xml:15:5-69
13-->[io.github.happylishang:antifake:1.5.0] AndroidManifest.xml:15:22-66
14    <uses-permission android:name="android.permission.ACCESS_NETWORK_STATE" />
14-->[io.github.happylishang:antifake:1.5.0] AndroidManifest.xml:16:5-79
14-->[io.github.happylishang:antifake:1.5.0] AndroidManifest.xml:16:22-76
15
16    <application
16-->src\main\AndroidManifest.xml:4:5-12:19
17        android:allowBackup="true"
17-->[io.github.happylishang:antifake:1.5.0] AndroidManifest.xml:19:9-35
18        android:appComponentFactory="android.support.v4.app.CoreComponentFactory"
18-->[com.android.support:support-compat:28.0.0] AndroidManifest.xml:22:18-91
19        android:debuggable="true"
20        android:label="@string/app_name"
20-->[io.github.happylishang:antifake:1.5.0] AndroidManifest.xml:20:9-41
21        android:supportsRtl="true"
21-->[io.github.happylishang:antifake:1.5.0] AndroidManifest.xml:21:9-35
22        android:testOnly="true" >
23        <activity
23-->src\main\AndroidManifest.xml:5:9-11:20
24            android:name="dev.fluttercommunity.plus.device_info.BaseAct"
24-->src\main\AndroidManifest.xml:5:19-42
25            android:exported="true" >
25-->src\main\AndroidManifest.xml:6:13-36
26            <intent-filter>
26-->src\main\AndroidManifest.xml:7:13-10:29
27                <action android:name="android.intent.action.MAIN" />
27-->src\main\AndroidManifest.xml:8:17-69
27-->src\main\AndroidManifest.xml:8:25-66
28
29                <category android:name="android.intent.category.LAUNCHER" />
29-->src\main\AndroidManifest.xml:9:17-77
29-->src\main\AndroidManifest.xml:9:27-74
30            </intent-filter>
31        </activity>
32
33        <service
33-->[io.github.happylishang:antifake:1.5.0] AndroidManifest.xml:22:9-24:55
34            android:name="com.snail.antifake.jni.EmulatorCheckService"
34-->[io.github.happylishang:antifake:1.5.0] AndroidManifest.xml:23:13-71
35            android:process=":EmulatorCheckService" />
35-->[io.github.happylishang:antifake:1.5.0] AndroidManifest.xml:24:13-52
36    </application>
37
38</manifest>